[10:57:40] [Render thread/INFO] [JMLogger] JourneyMap log initialized.
[10:57:40] [Render thread/INFO] [JourneymapClient] initialize ENTER
[10:57:40] [Render thread/INFO] [ClientAPI] [ClientAPI] built with JourneyMap API 1.9-SNAPSHOT
[10:57:40] [Render thread/INFO] [PluginHelper] Initializing plugins with Client API: journeymap.client.api.impl.ClientAPI
[10:57:40] [Render thread/INFO] [PluginHelper] Initialized IClientPlugin: net.blay09.mods.waystones.compat.JourneyMapIntegration
[10:57:40] [Render thread/INFO] [ThemeLoader] Preloaded theme textures: 73
[10:57:40] [Render thread/INFO] [?] Version: JourneyMap 1.20.1-5.9.12, built with fabric 0.83.1+1.20.1
fabric: 0.14.21
Environment: os.name, os.arch, java.version, user.country, user.language=null, game language=en_us, locale=en_us
Features: 
	RadarPlayers : singleplayer = true , multiplayer = true
	RadarAnimals : singleplayer = true , multiplayer = true
	RadarMobs : singleplayer = true , multiplayer = true
	RadarVillagers : singleplayer = true , multiplayer = true
	MapTopo : singleplayer = true , multiplayer = true
	MapSurface : singleplayer = true , multiplayer = true
	MapCaves : singleplayer = true , multiplayer = true
	MapBiome : singleplayer = true , multiplayer = true
MiniMapProperties{state=Valid, file=journeymap.minimap.config, configVersion=5.9.12, zoomLevel=0, compassFontScale=1.0, terrainAlpha=100, showEntityNames=true, positionX=0.9, positionY=0.25, effectVertical=false, showPlayerHeading=true, sizePercent=30, playerDisplayScale=1.0, showDayNight=true, showPets=true, preferredMapType=day, showCompass=true, mobDisplay=jm.common.entity_display.dots, systemTimeRealFormat=HH:mm:ss, shape=jm.minimap.shape_circle, showSelf=true, selfDisplayScale=1.0, showGrid=true, reticleOrientation=jm.minimap.orientation.compass, gameTimeRealFormat=HH:mm:ss, effectTranslateX=-166, showWaypoints=true, minimapKeyMovementSpeed=0.001, showAnimals=true, infoSlotAlpha=0.7, effectTranslateY=0, showWaypointLabels=true, moveEffectIcons=true, position=jm.minimap.position_topright, fontScale=1.0, showPlayers=true, waypointIconScale=1.0, frameAlpha=100, effectReversed=false, backgroundAlpha=0.8, enabled=false, showVillagers=true, info2Label=jm.theme.labelsource.gametime, info3Label=jm.theme.labelsource.location, showMobs=true, waypointLabelScale=1.0, showReticle=true, orientation=jm.minimap.orientation.north, info4Label=jm.theme.labelsource.biome, locationFormat=xzyv, playerDisplay=jm.common.entity_display.dots, mobDisplayScale=1.0, showCaves=true, showMobHeading=true, locationFormatVerbose=true, info1Label=jm.theme.labelsource.blank}
MiniMapProperties{state=Valid, file=journeymap.minimap2.config, configVersion=5.9.12, zoomLevel=0, compassFontScale=1.0, terrainAlpha=100, showEntityNames=true, positionX=0.9, positionY=0.25, effectVertical=false, showPlayerHeading=true, sizePercent=30, playerDisplayScale=1.0, showDayNight=true, showPets=true, preferredMapType=day, showCompass=true, mobDisplay=jm.common.entity_display.dots, systemTimeRealFormat=HH:mm:ss, shape=jm.minimap.shape_rectangle, showSelf=true, selfDisplayScale=1.0, showGrid=true, reticleOrientation=jm.minimap.orientation.compass, gameTimeRealFormat=HH:mm:ss, effectTranslateX=0, showWaypoints=true, minimapKeyMovementSpeed=0.001, showAnimals=true, infoSlotAlpha=0.7, effectTranslateY=0, showWaypointLabels=true, moveEffectIcons=true, position=jm.minimap.position_topright, fontScale=1.0, showPlayers=true, waypointIconScale=1.0, frameAlpha=100, effectReversed=false, backgroundAlpha=0.8, enabled=false, showVillagers=true, info2Label=jm.theme.labelsource.gametime, info3Label=jm.theme.labelsource.location, showMobs=true, waypointLabelScale=1.0, showReticle=true, orientation=jm.minimap.orientation.north, info4Label=jm.theme.labelsource.biome, locationFormat=xzyv, playerDisplay=jm.common.entity_display.dots, mobDisplayScale=1.0, showCaves=true, showMobHeading=true, locationFormatVerbose=true, info1Label=jm.theme.labelsource.blank}
FullMapProperties{state=Valid, file=journeymap.fullmap.config, configVersion=5.9.12, zoomLevel=0, showPlayers=true, waypointIconScale=1.0, showEntityNames=true, showPlayerHeading=true, showVillagers=true, showPlayerLoc=true, showKeys=true, playerDisplayScale=1.0, showMobs=true, showPets=true, waypointLabelScale=1.0, preferredMapType=day, mobDisplay=jm.common.entity_display.icons, showSelf=true, locationFormat=xzyv, playerDisplay=jm.common.entity_display.icons, mobDisplayScale=1.0, selfDisplayScale=1.0, showGrid=true, showMouseLoc=true, showWaypoints=true, showCaves=true, showAnimals=true, dragScale=1, showMobHeading=true, showWaypointLabels=true, locationFormatVerbose=true, fontScale=1.0}
WaypointProperties{state=Valid, file=journeymap.waypoint.config, configVersion=5.9.12, autoRemoveDeathpointDistance=2, dateFormat=MM-dd-yyyy, autoRemoveDeathpoints=false, fullscreenDoubleClickToCreate=true, managerDimensionFocus=false, minDistance=4, boldLabel=false, textureSmall=true, showDeathpointlabel=true, beaconEnabled=true, createDeathpoints=true, showName=true, disableStrikeThrough=false, maxDistance=0, autoHideLabel=true, autoRemoveTempWaypoints=2, teleportCommand=/tp {name} {x} {y} {z}, showStaticBeam=true, shaderBeacon=false, timeFormat=HH:mm:ss, showDeviationLabel=false, showDistance=true, showRotatingBeam=true, fontScale=2.0, showTexture=true, managerEnabled=true}
WebMapProperties{state=Valid, file=journeymap.webmap.config, configVersion=5.9.12, port=8080, enabled=false}
CoreProperties{state=Valid, file=journeymap.core.config, configVersion=5.9.12, verboseColorPalette=false, maxPlayersData=32, mapSurfaceAboveCaves=true, dataCachingEnabled=true, optionsManagerViewed=5.9.12, announceMod=true, colorPassive=#bbbbbb, mapBlendWater=false, renderDistanceSurfaceMax=0, seedId=false, radarVerticalDistance=16, mapBlendGrass=true, recordCacheStats=false, hideSneakingEntities=true, revealShape=jm.minimap.shape_circle, mapBiome=true, alwaysMapSurface=false, colorVillager=#88e188, mapPlants=false, colorPet=#0077ff, radarLateralDistance=64, mapBathymetry=false, mapCrops=true, maxMobsData=32, mapPlantShadows=false, alwaysMapCaves=false, checkUpdates=true, mapBlendFoliage=true, hideSpectators=false, mappingEnabled=true, colorPlayer=#ffffff, tileHighDisplayQuality=true, cacheVillagersData=2200, logLevel=INFO, maxVillagersData=32, mapWaterBiomeColors=false, maxAnimalsData=32, mapTransparency=true, caveBlackAsClear=false, tileRenderType=1, caveIgnoreGlass=true, mapTopography=true, renderDistanceCaveMax=0, mapAntialiasing=true, colorSelf=#0000ff, cachePlayersData=2000, cacheMobsData=3000, cachePlayerData=1000, splashViewed=5.9.12, colorHostile=#ff0000, cacheAnimalsData=3100, themeName=OceanMonument, mapCaveLighting=true, renderDelay=2, glErrorChecking=false, autoMapPoll=2000}
[10:57:40] [Render thread/INFO] [JourneymapClient] initialize EXIT, elapsed count 1 avg 586.45ms
[10:57:40] [Render thread/INFO] [JourneymapClient] postInitialize EXIT, elapsed count 1 avg 4.33ms
[10:57:44] [Render thread/INFO] [ColorManager] Loaded color palette for 948 blockstates in 269ms
[10:57:44] [Render thread/INFO] [ColorManager] Loaded color palette for 948 blockstates in 33ms
[10:57:44] [Render thread/INFO] [ColorManager] Loaded color palette for 948 blockstates in 25ms
[10:57:44] [Render thread/INFO] [ColorManager] Loaded color palette for 948 blockstates in 23ms
[10:57:44] [Render thread/INFO] [ColorManager] Loaded color palette for 948 blockstates in 21ms
[10:57:44] [Render thread/INFO] [ColorManager] Loaded color palette for 948 blockstates in 21ms
[10:57:44] [Render thread/INFO] [ColorManager] Loaded color palette for 948 blockstates in 22ms
[10:57:44] [Render thread/INFO] [ColorManager] Loaded color palette for 948 blockstates in 19ms
[10:57:44] [Render thread/INFO] [ColorManager] Loaded color palette for 948 blockstates in 18ms
[10:57:44] [Render thread/INFO] [ColorManager] Loaded color palette for 948 blockstates in 19ms
[10:57:44] [Render thread/INFO] [ColorManager] Loaded color palette for 948 blockstates in 18ms
[10:57:44] [Render thread/INFO] [ColorManager] Loaded color palette for 948 blockstates in 25ms
[10:58:54] [Render thread/INFO] [JourneymapClient] World UID is set to: ee4bdbbc-5f17-4de6-a135-c8bd9c836857
[10:58:57] [Render thread/INFO] [WaypointStore] Loaded 0 waypoints from C:\Users\3raza\curseforge\minecraft\Instances\legendary-oh-mk2\journeymap\data\mp\DGAF~Server~2~READ~MOTD_ee4bdbbc~5f17~4de6~a135~c8bd9c836857\waypoints
[10:58:57] [Render thread/INFO] [JourneymapClient] Mapping started in C:\Users\3raza\curseforge\minecraft\Instances\legendary-oh-mk2\journeymap\data\mp\DGAF~Server~2~READ~MOTD_ee4bdbbc~5f17~4de6~a135~c8bd9c836857\overworld. Memory: 1648MB total, 667MB free 
[10:58:57] [Render thread/INFO] [ChatLog] JourneyMap: Press [M]
[10:59:01] [Render thread/INFO] [JourneymapClient] Mapping halted in C:\Users\3raza\curseforge\minecraft\Instances\legendary-oh-mk2\journeymap\data\mp\DGAF~Server~2~READ~MOTD_ee4bdbbc~5f17~4de6~a135~c8bd9c836857\minecraft:overworld
[10:59:02] [Render thread/INFO] [MappingMonitorTask] World ID has been reset.
[10:59:02] [Render thread/INFO] [JourneymapClient] World UID is set to: null
[10:59:44] [Render thread/INFO] [JourneymapClient] World UID is set to: 0d97d485-26ec-4009-b235-692b9a553ac5
[10:59:45] [Render thread/INFO] [WaypointStore] Loaded 0 waypoints from C:\Users\3raza\curseforge\minecraft\Instances\legendary-oh-mk2\journeymap\data\mp\Localhost~Development_0d97d485~26ec~4009~b235~692b9a553ac5\waypoints
[10:59:45] [Render thread/INFO] [JourneymapClient] Mapping started in C:\Users\3raza\curseforge\minecraft\Instances\legendary-oh-mk2\journeymap\data\mp\Localhost~Development_0d97d485~26ec~4009~b235~692b9a553ac5\overworld. Memory: 1952MB total, 962MB free 
[11:00:22] [Render thread/INFO] [JourneymapClient] Mapping halted in C:\Users\3raza\curseforge\minecraft\Instances\legendary-oh-mk2\journeymap\data\mp\Localhost~Development_0d97d485~26ec~4009~b235~692b9a553ac5\minecraft:overworld
[11:00:23] [Render thread/INFO] [MappingMonitorTask] World ID has been reset.
[11:00:23] [Render thread/INFO] [JourneymapClient] World UID is set to: null
